c:\users\usman baig\documents\visual studio 11\projects\banking management system\banking management system\debug\vc110.pdb
c:\users\usman baig\documents\visual studio 11\projects\banking management system\banking management system\debug\banking system.obj
c:\users\usman baig\documents\visual studio 11\projects\banking management system\debug\banking management system.ilk
c:\users\usman baig\documents\visual studio 11\projects\banking management system\debug\banking management system.exe
c:\users\usman baig\documents\visual studio 11\projects\banking management system\banking management system\debug\banking management system.exe.intermediate.manifest
c:\users\usman baig\documents\visual studio 11\projects\banking management system\debug\banking management system.pdb
c:\users\usman baig\documents\visual studio 11\projects\banking management system\banking management system\debug\banking management system.exe.embed.manifest
c:\users\usman baig\documents\visual studio 11\projects\banking management system\banking management system\debug\banking management system.exe.embed.manifest.res
e:\education\oop project\moazam\projects\banking management system\banking management system\debug\vc120.pdb
e:\education\oop project\moazam\projects\banking management system\banking management system\debug\vc120.idb
e:\education\oop project\moazam\projects\banking management system\banking management system\debug\banking system.obj
e:\education\oop project\moazam\projects\banking management system\debug\banking management system.ilk
e:\education\oop project\moazam\projects\banking management system\debug\banking management system.exe
e:\education\oop project\moazam\projects\banking management system\debug\banking management system.pdb
e:\education\oop project\moazam\projects\banking management system\banking management system\debug\cl.command.1.tlog
e:\education\oop project\moazam\projects\banking management system\banking management system\debug\cl.read.1.tlog
e:\education\oop project\moazam\projects\banking management system\banking management system\debug\cl.write.1.tlog
e:\education\oop project\moazam\projects\banking management system\banking management system\debug\link-cvtres.read.1.tlog
e:\education\oop project\moazam\projects\banking management system\banking management system\debug\link-cvtres.write.1.tlog
e:\education\oop project\moazam\projects\banking management system\banking management system\debug\link.2292-cvtres.read.1.tlog
e:\education\oop project\moazam\projects\banking management system\banking management system\debug\link.2292-cvtres.write.1.tlog
e:\education\oop project\moazam\projects\banking management system\banking management system\debug\link.2292.read.1.tlog
e:\education\oop project\moazam\projects\banking management system\banking management system\debug\link.2292.write.1.tlog
e:\education\oop project\moazam\projects\banking management system\banking management system\debug\link.2488-cvtres.read.1.tlog
e:\education\oop project\moazam\projects\banking management system\banking management system\debug\link.2488-cvtres.write.1.tlog
e:\education\oop project\moazam\projects\banking management system\banking management system\debug\link.2488.read.1.tlog
e:\education\oop project\moazam\projects\banking management system\banking management system\debug\link.2488.write.1.tlog
e:\education\oop project\moazam\projects\banking management system\banking management system\debug\link.3796-cvtres.read.1.tlog
e:\education\oop project\moazam\projects\banking management system\banking management system\debug\link.3796-cvtres.write.1.tlog
e:\education\oop project\moazam\projects\banking management system\banking management system\debug\link.3796.read.1.tlog
e:\education\oop project\moazam\projects\banking management system\banking management system\debug\link.3796.write.1.tlog
e:\education\oop project\moazam\projects\banking management system\banking management system\debug\link.4224-cvtres.read.1.tlog
e:\education\oop project\moazam\projects\banking management system\banking management system\debug\link.4224-cvtres.write.1.tlog
e:\education\oop project\moazam\projects\banking management system\banking management system\debug\link.4224.read.1.tlog
e:\education\oop project\moazam\projects\banking management system\banking management system\debug\link.4224.write.1.tlog
e:\education\oop project\moazam\projects\banking management system\banking management system\debug\link.4360-cvtres.read.1.tlog
e:\education\oop project\moazam\projects\banking management system\banking management system\debug\link.4360-cvtres.write.1.tlog
e:\education\oop project\moazam\projects\banking management system\banking management system\debug\link.4360.read.1.tlog
e:\education\oop project\moazam\projects\banking management system\banking management system\debug\link.4360.write.1.tlog
e:\education\oop project\moazam\projects\banking management system\banking management system\debug\link.4704-cvtres.read.1.tlog
e:\education\oop project\moazam\projects\banking management system\banking management system\debug\link.4704-cvtres.write.1.tlog
e:\education\oop project\moazam\projects\banking management system\banking management system\debug\link.4704.read.1.tlog
e:\education\oop project\moazam\projects\banking management system\banking management system\debug\link.4704.write.1.tlog
e:\education\oop project\moazam\projects\banking management system\banking management system\debug\link.5008-cvtres.read.1.tlog
e:\education\oop project\moazam\projects\banking management system\banking management system\debug\link.5008-cvtres.write.1.tlog
e:\education\oop project\moazam\projects\banking management system\banking management system\debug\link.5008.read.1.tlog
e:\education\oop project\moazam\projects\banking management system\banking management system\debug\link.5008.write.1.tlog
e:\education\oop project\moazam\projects\banking management system\banking management system\debug\link.5204-cvtres.read.1.tlog
e:\education\oop project\moazam\projects\banking management system\banking management system\debug\link.5204-cvtres.write.1.tlog
e:\education\oop project\moazam\projects\banking management system\banking management system\debug\link.5204.read.1.tlog
e:\education\oop project\moazam\projects\banking management system\banking management system\debug\link.5204.write.1.tlog
e:\education\oop project\moazam\projects\banking management system\banking management system\debug\link.5648-cvtres.read.1.tlog
e:\education\oop project\moazam\projects\banking management system\banking management system\debug\link.5648-cvtres.write.1.tlog
e:\education\oop project\moazam\projects\banking management system\banking management system\debug\link.5648.read.1.tlog
e:\education\oop project\moazam\projects\banking management system\banking management system\debug\link.5648.write.1.tlog
e:\education\oop project\moazam\projects\banking management system\banking management system\debug\link.6084-cvtres.read.1.tlog
e:\education\oop project\moazam\projects\banking management system\banking management system\debug\link.6084-cvtres.write.1.tlog
e:\education\oop project\moazam\projects\banking management system\banking management system\debug\link.6084.read.1.tlog
e:\education\oop project\moazam\projects\banking management system\banking management system\debug\link.6084.write.1.tlog
e:\education\oop project\moazam\projects\banking management system\banking management system\debug\link.6912-cvtres.read.1.tlog
e:\education\oop project\moazam\projects\banking management system\banking management system\debug\link.6912-cvtres.write.1.tlog
e:\education\oop project\moazam\projects\banking management system\banking management system\debug\link.6912.read.1.tlog
e:\education\oop project\moazam\projects\banking management system\banking management system\debug\link.6912.write.1.tlog
e:\education\oop project\moazam\projects\banking management system\banking management system\debug\link.6988-cvtres.read.1.tlog
e:\education\oop project\moazam\projects\banking management system\banking management system\debug\link.6988-cvtres.write.1.tlog
e:\education\oop project\moazam\projects\banking management system\banking management system\debug\link.6988.read.1.tlog
e:\education\oop project\moazam\projects\banking management system\banking management system\debug\link.6988.write.1.tlog
e:\education\oop project\moazam\projects\banking management system\banking management system\debug\link.7024-cvtres.read.1.tlog
e:\education\oop project\moazam\projects\banking management system\banking management system\debug\link.7024-cvtres.write.1.tlog
e:\education\oop project\moazam\projects\banking management system\banking management system\debug\link.7024.read.1.tlog
e:\education\oop project\moazam\projects\banking management system\banking management system\debug\link.7024.write.1.tlog
e:\education\oop project\moazam\projects\banking management system\banking management system\debug\link.7644-cvtres.read.1.tlog
e:\education\oop project\moazam\projects\banking management system\banking management system\debug\link.7644-cvtres.write.1.tlog
e:\education\oop project\moazam\projects\banking management system\banking management system\debug\link.7644.read.1.tlog
e:\education\oop project\moazam\projects\banking management system\banking management system\debug\link.7644.write.1.tlog
e:\education\oop project\moazam\projects\banking management system\banking management system\debug\link.8656-cvtres.read.1.tlog
e:\education\oop project\moazam\projects\banking management system\banking management system\debug\link.8656-cvtres.write.1.tlog
e:\education\oop project\moazam\projects\banking management system\banking management system\debug\link.8656.read.1.tlog
e:\education\oop project\moazam\projects\banking management system\banking management system\debug\link.8656.write.1.tlog
e:\education\oop project\moazam\projects\banking management system\banking management system\debug\link.8728-cvtres.read.1.tlog
e:\education\oop project\moazam\projects\banking management system\banking management system\debug\link.8728-cvtres.write.1.tlog
e:\education\oop project\moazam\projects\banking management system\banking management system\debug\link.8728.read.1.tlog
e:\education\oop project\moazam\projects\banking management system\banking management system\debug\link.8728.write.1.tlog
e:\education\oop project\moazam\projects\banking management system\banking management system\debug\link.command.1.tlog
e:\education\oop project\moazam\projects\banking management system\banking management system\debug\link.read.1.tlog
e:\education\oop project\moazam\projects\banking management system\banking management system\debug\link.write.1.tlog
e:\education\oop project\moazam\projects\banking management system\banking management system\debug\mt.command.1.tlog
e:\education\oop project\moazam\projects\banking management system\banking management system\debug\mt.read.1.tlog
e:\education\oop project\moazam\projects\banking management system\banking management system\debug\mt.write.1.tlog
e:\education\oop project\moazam\projects\banking management system\banking management system\debug\rc.command.1.tlog
e:\education\oop project\moazam\projects\banking management system\banking management system\debug\rc.read.1.tlog
e:\education\oop project\moazam\projects\banking management system\banking management system\debug\rc.write.1.tlog
e:\education\oop project\moazam\projects\banking management system\banking management system\debug\banking management system.exe.embed.manifest
e:\education\oop project\moazam\projects\banking management system\banking management system\debug\banking management system.exe.intermediate.manifest
e:\education\oop project\moazam\projects\banking management system\banking management system\debug\banking management system.exe.embed.manifest.res
e:\education\oop project\moazam\projects\banking management system\banking management system\debug\vc110.idb
e:\education\oop project\moazam\projects\banking management system\banking management system\debug\vc110.pdb
e:\education\oop project\moazam\projects\banking management system\banking management system\debug\banking management system_manifest.rc
e:\education\oop project\moazam\projects\banking management system\banking management system\debug\banking .63ae07d8.tlog\cl.command.1.tlog
e:\education\oop project\moazam\projects\banking management system\banking management system\debug\banking .63ae07d8.tlog\cl.read.1.tlog
e:\education\oop project\moazam\projects\banking management system\banking management system\debug\banking .63ae07d8.tlog\cl.write.1.tlog
e:\education\oop project\moazam\projects\banking management system\banking management system\debug\banking .63ae07d8.tlog\link.command.1.tlog
e:\education\oop project\moazam\projects\banking management system\banking management system\debug\banking .63ae07d8.tlog\link.read.1.tlog
e:\education\oop project\moazam\projects\banking management system\banking management system\debug\banking .63ae07d8.tlog\link.write.1.tlog
